<?xml version="1.0" encoding="UTF-8"?>
<testng-results ignored="0" total="1" passed="1" failed="0" skipped="0">
  <reporter-output>
  </reporter-output>
  <suite started-at="2023-12-23T14:33:53 IST" name="Default suite" finished-at="2023-12-23T14:34:03 IST" duration-ms="10336">
    <groups>
    </groups>
    <test started-at="2023-12-23T14:33:53 IST" name="Default test" finished-at="2023-12-23T14:34:03 IST" duration-ms="10336">
      <class name="EXTENTREPORT.program">
        <test-method signature="report()[pri:0, instance:EXTENTREPORT.program@696da30b]" started-at="2023-12-23T14:33:53 IST" name="report" finished-at="2023-12-23T14:34:03 IST" duration-ms="10311" status="PASS">
          <reporter-output>
          </reporter-output>
        </test-method> <!-- report -->
      </class> <!-- EXTENTREPORT.program -->
    </test> <!-- Default test -->
  </suite> <!-- Default suite -->
</testng-results>
